. logit oscar _Igatunek_2 _Ikraj_prod_1 _Igatunek_6 nominacje new2zlote_globy n
> ew2bafta milosc

Iteration 0:   log likelihood = -364.12622  
Iteration 1:   log likelihood = -218.31067  
Iteration 2:   log likelihood = -217.09303  
Iteration 3:   log likelihood = -217.07202  
Iteration 4:   log likelihood = -217.07202  

Logistic regression                               Number of obs   =        537
                                                  LR chi2(7)      =     294.11
                                                  Prob > chi2     =     0.0000
Log likelihood = -217.07202                       Pseudo R2       =     0.4039

-------------------------------------------------------------------------------
--
          oscar |      Coef.   Std. Err.      z    P>|z|     [95% Conf. Interva
> l]
----------------+--------------------------------------------------------------
--
    _Igatunek_2 |   .8976846   .4101991     2.19   0.029     .0937092     1.701
> 66
  _Ikraj_prod_1 |  -.6473778   .2540173    -2.55   0.011    -1.145243   -.14951
> 31
    _Igatunek_6 |   1.737324    .621298     2.80   0.005     .5196024    2.9550
> 46
      nominacje |   .6047553   .0573397    10.55   0.000     .4923714    .71713
> 91
new2zlote_globy |   1.757341   .3208662     5.48   0.000     1.128454    2.3862
> 27
      new2bafta |    1.17963   .3360853     3.51   0.000     .5209144    1.8383
> 45
         milosc |    1.04437   .4075097     2.56   0.010     .2456661    1.8430
> 75
          _cons |  -2.889565   .2769501   -10.43   0.000    -3.432377   -2.3467
> 53
-------------------------------------------------------------------------------
--
