. logit oscar _Igatunek_2 _Ikraj_prod_1 _Igatunek_6 nominacje newzlote_globy ne
> wbafta milosc

Iteration 0:   log likelihood = -364.12622  
Iteration 1:   log likelihood = -210.91817  
Iteration 2:   log likelihood = -209.64944  
Iteration 3:   log likelihood = -209.62875  
Iteration 4:   log likelihood = -209.62874  

Logistic regression                               Number of obs   =        537
                                                  LR chi2(7)      =     308.99
                                                  Prob > chi2     =     0.0000
Log likelihood = -209.62874                       Pseudo R2       =     0.4243

------------------------------------------------------------------------------
       oscar |      Coef.   Std. Err.      z    P>|z|     [95% Conf. Interval]
-------------+----------------------------------------------------------------
 _Igatunek_2 |   .9257395   .4202148     2.20   0.028     .1021336    1.749345
_Ikraj_pro~1 |   -.582893   .2602381    -2.24   0.025     -1.09295   -.0728358
 _Igatunek_6 |   1.801817   .6358639     2.83   0.005     .5555462    3.048087
   nominacje |   .5542221   .0581803     9.53   0.000     .4401908    .6682533
newzlote_g~y |   1.893919   .3227008     5.87   0.000     1.261437    2.526401
    newbafta |   1.482537   .3209424     4.62   0.000      .853502    2.111573
      milosc |    1.03761   .4142003     2.51   0.012     .2257923    1.849428
       _cons |   -2.99051   .2852965   -10.48   0.000    -3.549681   -2.431339
------------------------------------------------------------------------------
